sL+IcYgOIH6LQ36Uf2324K6pjDEBnaX+WEYa8a+nJ+MOWDKUUPaPliAh2dCnQmUYKIOUEH2CWpUu8+v2S/ShdgN06OMPgJ6//r9rWp0hU6IDfq4N
EGJY/B2bsqrN9qxIX3rINKb3BL3F5azmmDqVg7PJ4W0p/f2I5YpBBE7J+jhCH32LIctaJt2+8ws/eh4eK+mSntg9R9IpEAUpeRCXdAdMq61nhOogeSaZ6d/6yqI6OWhYE8WeO9Nc8hgIgv8KCAV5PF6W9aQgxxRcZTbqScYXC9pzYPEKS/Co79d0bqNWG0s25XVDnou6rsE=
z3NXJOuDPo3Lun2LCCXJEQNueDdcKzFgS/7Ou0YaI7X8sO9HIbT5clJ6bOSXkCQ7yaaLYA0u/MnU3iEwojOKCVtox3Yp4LceT01zUkb5OmU7ZHFDe1QXdK4D
vQBU+wMFFMydHw/Q3NDpjQ6DvZQBY2eWjCoXscJHPgJsVW3J2sTxVRiz3o+JPxqd8gbTfL4Of1KjmBGie6gvp8fMzkumg4s+tQ0jtjtirgk=
OhC9yg1KqrwHHdYFtqwScxHwceNAc3KpuDEXxJ2rN7XGfkhz0iuOF6vpQz2fdbfcxhWPeu4wBPPX78YfmyVtrhg=
KogBSBwl/QTZIuXmcSsjTJGTh++VDSi/sMAj8jWL5MeZTjpAn2hSFgF908jXnZ2iZyxLNejNFmG5gGnDCOPK6aABXyQl+9+1rq7wExobltcTeYsdh4UfUi4ll5qmoPyzzx+Ov2N1Ra4w
2j8Dny+VYJ4zlQ9att1DyJyzTw1KpHa8NZdfPKyFLM6+mdZMJwQ87vO+ipIeRCnpyy1xpKqO52G9GRFlQwDo1E201QNUR4eDlRVfhusk4SbjROLT79Deb17P66o9cZNyY06uPQ==
Jc9mzh4pBmKg/iAmVu0lmDHe5PvT8cM9bd3TNrhiRmGEUl4WDWXH+KO1gUJbRB/lHPVaIXV43ZNcSzZJPGnr1LFjUzUiNmRjrvMKd2/RX80z/VOS4h3jynJIwNPTN3qPd21Jrjw=
cW762kYvq0I6vzY9EesXJZq4SQRuo2KqE4dfOa+hNsyzmdZMJwQ87vO+ipIeRCnpyy1xpKqO52G9GRFlQwDo1E201QNUR4eDlRVfhusk4SbjROLT79Deb17P66o9cZNyY06uPQ==
ghQM/vsR6eC+8MUoanbJdyy9lQathGIWMZ3jiGd9LSL3zJt1uC0GYamguYNYQ1pp0KGvZFXbL7XejgDTartmV4PZW93XpQ9SPkVHWvbAbDN/fz5/UxV1rgA=
WM+zPW/0//IE1OqJtlW2kuAhp0FhtEEthJFmFjWV/5iLRUkCE5S3hYRlwqHt6EUzNJv+CXRZA/TJU6s1WgacQ8bDwrcngbdtq23LEnqNeyraGAgTm0dSb08dca4E
CUdRIngbtf+4gTzLMXmTTPrAoBn2jzM/4JazGXkAHcm/smU4IR0iiWTBSwTja+I3iLmCFVUsDx/t9RxKWpuQjzSHUa1hNY2B7XtbYV0yzDR+I21LRHdJEXeuAg==
G5feMHnGhxFtCZ2fIyTlNZq4SQRuo2KqE4dfOa+hNsyomdZMJwQ87vO+ipIeRCnpyy1xpKqO52G9GRFlQwDo1E201QNUR4eDlRVfhusk4SbjROvU79Deb17P66o9cZNyY06uPQ==
/mrfH9OA+DkJdhG9aZ9imfju85WPCeKyifdoROQSJHdm+oumix0sPjzzt6jA3WuFj0WLbBTb0rGP51YfKR8aspX8mB7BXUVFL7AXHokIB2bNt8M55BFpPfu8IWubfGdMrjs=
/WPBvfBEFCiD4jAIWwxqFB+zeuFcYXO7qSFU1IL+N7/9P08j3jWEAqvpQz2fdbfdxBWMeO4zBPPX78YfmyVtrhg=
Kul6UwOJbjBEswec9a0xDc7RUkHLkaU+ij8oliEVVX1vSIfWqQD3Pk1vszHEWflFO4Qxo/v01xSuYw==
6MjmXkcXFxxpi9nDNLBt6I9d8kREad3BNHTEIZs7jcWVZVk5Qb0ymQrgeJ+iQ5EjkMf9yRuubg==
HQWCuDza2VltWBloicmH1hZw7a/PDsAv1g6ODbsytelaErqigLg+vqMqQYS9yP3H8znrnSfFP15OZXQYBmPcs+/f7j+DNWWuEA==
0K+XWc7KnxgH23LV0Y3UYiYziATcsfy14eDQY1E31oqTlEAPOuvCCKCgv1OUcUmK3L7RR2B9Duk+jd5WYG5wvPYmjz6bnAGek/xua59rPNctdyuSTUlzShN2rgU=
ywyS6ebqKfnZCyf8TwMCOteZf31gS2c+jXImUyzFiBS9r2hTfUSwBlZekalfOHew/5fcXB1rejRXIQYKfuTlXu0sbP30OTvd3pSgoer1rqFupd5+MCbDO2KUzxaLlCHWw1Tuw88jHN89X2s63cHTAkNeri0=
pfDYBA0u117Nt+vtQ30R2w6qxvlMWaK43EhsF2uNhOIh2i4uLY7nG1zYgoJoyCa+u9opt4qcL4c7ibN9T1WH3rb13Lhek5RzJ48WX6sFfa4I
Z+mQYN6kVE0VbMusGkslmaICD28adnpdb5oJScb6zlIUILI+L7LV9EmgYWdPkb9NUz1zkgJdQEjSCyDT8/faD5ctaa4c
ez4eYdBAF82lIhaWOvWE1HJIo5j2Walj3B7BQKFnm9gUCLqigLg+vqMqQZeyzOfH8znrnSfFP1JOZXQYBmPcs+/f7j+DNWWuEA==
t2SpnUI5F8AafC7SSf9XHQ79/HqfNrdngTiwMGHtpCs260JTHgyU6NhuugifNH+qWXwPQoMWS0o1JQE52/jJ3wuIL2iuHw==
pEhgCr9nAzAx/mD8VmJI9qZwfyABImtdb5oJScb6zlIUILI+L7LV9EmgYWdPkb9NUz1zkgVdR0nSCyDT8/faD5ctaa4c
CiQfj0XAbufQ18hN/7tEqBJXOcWSm/eSMbUVbluZlE50Gs5kcH7t9g+8c5Qztx1lxaUJGVGyJ3ldISh/MsPhw+AHjSlrrh4=
pwdl+VBOiuSihn4rz48ppwgquuqGFucvi06fDbsytelaErqigLg+vqMqQYS9yP3H8znrnSfFP1JJZXMZBmPcs+/f7j+DNWWuEA==
Y+TOAU0tUziF85uFmx7ZNxp/ppglE7PpEYEpKmVlYYYHOSjm4Go6/Pz+YW57TOc8jxfBDTH13aEde2qBCfEcV+6jHav0N7kxZ64S
tC3SgYKgqoOjGUGj01PBbkd1ltM2cULEDhHj4c+Gw70XalGJ/qoWMvwwuj4nor0UEXBZJ5fhRy37jfsbjK0v6Wq7+JMLpwIvvz1hrhQ=
MpVMavxjbHn7YjsVYT+gFkKBy/s4RUH0p3ewZ0FBbWKpFb0+o9lMflz6tnR4fuXm99xbpGt3ZbVtBZFp2TmuycXBQK+KgzmzCCe1OWOuFg==
wf9dmxreHIGK8Chj5sj8vmrQwP9PW6CwzgciWyDb36Ez3ndtY4L9KRLCgoJoyCa+u9oppIWYNYc7ibN9T1WH2bD127lek5RzJ48WX6sFfa4I
ToAqgpPjlSrkGh6MRvAzOujJ9khMbdnJ1zEziJzjij+9AdG63cUJVk954JbISiIM5P55HmNsz8zH1wld2VVlMWX/0hHxkbSHpmNVmxxXoQF/rgo=
WbzLJq6ug1sFr9sR6+6CqYn/cFdswtDpaUBQzr6wJHvskxthdxa7Hb86mcm2Wn4S5ECiPj9SpTT5AJHn3zHvjQMdQ5L0PZeJguuwU0OXKk+nDXmuDA==
GIUx2ItDMaEGH1Mqlv36tUL9bGXsy+hcNmf2pa1FGBW+k1b3+cEV8gF1ZY7rGQQupNqehGB+/Zbf/CN0ozetBTXlOfkhvhJZrGGY30JDcWMwR10Je64O
ZrWs9vwuSqxCjPuBWtadCHL30lr8535NfNy+2ml2OGG5idAruGtXIbuu780LUkVpyvLqYlDYLr6zyhHEbahtR4PZW93XpQ9dPEVCWfbDbDN/fz5/UxV1rgA=
MgrhUOAtz++l0CUJcY5Kq6qR/V23zHh/+tfiXiFDXNn+4yt9akMizzWBWQq1JbEml7mYRhAqChzs/nEOS4yXnD+XUa1hNY2B7XxeYVgxzDd+I21LRHdJEXeuAg==
BztprQgR/c8nEfjgiYV/KVmB0OQkQV7m/C2iYURPMCK4Fb0+o9lMflz6tnR4fuXm99xbpGt3ZbVtBZFp2TuuycfBQK+KgzmzCCe1OWOuFg==
5p0fMJYVydeiuLh55RnrzHmqbsFJrIdatcJoceTL4FM8HFuVj8PPRRZz7odxQZ1C+dUNXjNZPN6MuoaUaH71hsccCwSb9/VV3UVBSak5nqkXATAPGgOJU1hnRRlzrgY=
sccHlChtOH99VytPZ1pgulRXPkJpvYqvcn4k1NnYb3dKP9wvkSY6VVWch5mxEx5b9rtiQx4ctLgLER6iH8QfGpks71KJByuYdZXhSVtIaS9LWA94rg8=
ecjXHVm5i1H2AeS9Q+3aSRCokAI1AZLz6TsEX4FLD+vfvagzkTy4JEE57O9mT+rHnpg8TIiq8ty/IHeuSVgnls/D4+yloYmteyyBG1usB3yuCw==
kX30R+Po98x6H6q3wE7snmyBqbWjtZdhK4GPY8IiEyraBUFZAWKOsrz51RMVAVS7HLMLYWd2i90PWilJJjqu0rRgUj5PcnV0qeABZ2/RX80z/VOf5B3lyXJLwNPTN3qPd21Jrjw=
bKYItm+T95v626DTXwdAjBSIzjec6XYVN4rlhmkwfWm/idYupHZSIbm07NkfBRw5hOjqYlDYLr6zyhHXYqx3R4PZW93XpQ9fOEVBWfbDbDN/fz5/UxV1rgA=
TZuJFRFCo0rU/hD1UAwAxGf921HXuetDJjoPOtYNRVkFaoKioOExM3E5qItQ+8+hIz5HLbMijamCojJCOOjWvsv6+eQ1eKUHyynjvX81l9ql1Sj5DnMk87cvZp97ZU2uOA==
UJ0rkKedi4kgvcd2Iy6E23iudNtKrYZat9h0d/7I9A1oUx6dj8PPRRZz7odxQZ1C+dUNXjNZPN6MuoaUaH71hsccCwSb9/VV3UVBSak6m6kWATAPGgOJU1hnRRlzrgY=
kGDLTuXYEITH5yyo4VIZEiNkxEOa+oqhob2NJgQ6y9jP0htkK7eXUf3EsQ7UYEmK3L7RR2B9Duk+jd5WYG5wvPYmjz6bnAGek/xoaJ9vPdctdyuSTUlzShN2rgU=
TyqVKPo8AwnExolEClqZ3qqR/V63zHh/+tfiXiFDXNn+5DZjakMizzWBWQq1JbEml7mYRhAqChzs/nEOS4yXnD+XUa1hNY2B7X9fYVoxzDd+I21LRHdJEXeuAg==
tOjMZH1Zb2hIViBL4X8MJqtGnZPKl7pngn48dnMr20hSiLcwEqsS1MQXY4uyfPHpxsmM37axLlVyVEhPPRXkeFsA8uB8S6FHLCqax+2Tz1+V+9zIBasqA+bYKZ151cXxRfq30RUR1MdGYzXbvNcBQV+uKg==
e4Ti2v9RuoME/t3KwOL8VqtGnZPKl7lngn48dnMr20hSiLcwEqsS1MQXY4uyfPHpxsmM37axLlVyVEhPPRXkeFsA8eB8S6FHLCqax+2Tz1+V+9zIBasqA+bYKZ151cXxRfy30RUR1MdGYzXbvNcBQV+uKg==
aikptUFanqU0kMFotD6z45HgaFBv3svpckBekeSiPmXwlR5vKlaqHb86mcm2Wn4S5ECiPj9SpTT5AJHn3zHvjQMdQ5/1PZCKguuwU0OXKk+nDXmuDA==
kJJRyl/GJSesADeZYv0BZlN7OWGYxmKdh0mO7t1F+kLdF2z+/Y2mworZybvoClIle2Nb3ZqDUu8lgUlqheUBRic5CCZA6to8nP6BLhvMR3yvF+FN0XW9Yf1/S0GucryXjqP965S3GXFHrjI=
bKz0W4CYJPrL1n89s3oPeEIGxi769IL56uvWegR8jtDO1gFiK7GSTeDBsQzOY12ei+eBCXp9Duk+jd5WYG5js/I8jz6bnAGek/xvbJ9rPtctdyuSTUlzShN2rgU=
Y03ZT8G7wwu5By4zwauS73fv7ipaqOIZ1ou9/RvJMG4WaHAnhwgNtI3xzzSzWIJHQKj3kUJ7CREGax4YSB9MaEfQt6oerHEg2PQOQ6NDJjpwIw+7/Qvfu5actwPI5wxIoxn7Xbdl71kdBevaFgMMM1+/3v8zVVWuIA==
BH3ZKp5YH4EZuXgDGYWrG4nq+jKtpApskoZzbWdCDwz3J2EPWCRqoD06xYzMqQi1dgaf6AQGXZ276s1EBXMfcRYvABpyEBa3OuKwLQ6BxyLNnYL9sZjXhG282zM2CLcZOceAXts8gX5T3G5IX4S+d20XK3KN6fMqU1auJQ==
5aUFJrRglLbRyBxw4Z0uJsrN26/AYHju8ZdnrWD2r4feCmcF3EYIWUs/koLI0cnzKWkAa+iLRyGrjj+NW/LV6bpSGiIg+N6+w+rhBB0InccTeYsdh4UfXCklm5qmo/yzzx+Ov2N1Ra4w
sTDxUATrTUAm4ytd6N++IFN7OWGYxn6egEWO8MJb5F7bDXD4+Jzp2d7Q0aLpEks4fH5G3ZqDUu8lgUlqheUBRic5CCZA6to8nP6BLhvMR3yvF+FN0XW9Yf1zS0GhcryXjqP965S3GXFHrjI=
01fve9hOVvdCzfxiXdPudbfYbQn+8GVfwUHOVqmTX0KvQ1MYCIX5wv9/GQZAU8+hj1Ph2pFUAKYB2HBQYc3ki7aLgnMeLFSIWM76KJ9Uv0rZ3M8iifcL4rZFQdnb2Al/i2hvSK4/
H9njGjBUIJdEdsWLPadcN1c6NwnvgtzB3as1S1iN1rmOaSK6+TcX9JrYqozL0c2z5BpuPR9DfyVGsx6nYUGNosmVXf7D2ay+PHpWtBh+BaaXXLvkC3eF9Q2FcSm5PIiJbELg76qDGfOopxV5Q642
0NDEnxe9NoGxEs3aI///UcfeCFpwtClrA3mZyWnrhHJWGwwXphphwpgHH/Q9KExQSxZ7eumchq79mdjLgBv/oVMel+0DQh0pcgJiAggIxr7bmskk5djVh1vJU/0vFWfclrVyOv7TtHMHz7bfC0Vdrig=
i8w8uM1n5A89OVDqvxAcrtbO3LbCeWPs8JdirWLsrJOfTHMdzQFVSEoni4PMy9PxNWkAa+iLRyGrjj+NW/LV6bpSGiIg+N6+w+rhBB0InccTeYsdh4UfUi4lmpqmo/yzzx+Ov2N1Ra4w
JGQvcTUfjUqy02r9Cnfwafju85WPCeKyifdoROQSJHdm+oumix0sPjzzt6jA3WuFj0WLbBTb0rGP51YfKR8aspX8mB7BXUVFL7AXHokIB2bKt8M85xFpPfu8IWubfGdMrjs=
2Bvbw//ruhpPEk06JpFJM87RUkHLkaU+ij8oliEVVX1vSIfWqQD3PkpvszTHWflFO4Qxo/v01xSuYw==
6daP2bibTUPzDn0hukBT4o9d8kREad3BNHTEIZs7jcWVZVk5QboymQ/jeJ+iQ5EjkMf9yRuubg==
C96YHeq3Ks7LJlTJMKN1Fh+zeuFcYXO7qSFU1IL+N7/9P08j3jWEAqvpQz2fdbfaxBWJe+4zBPPX78YfmyVtrhg=
MuvVZ4ATis792PTGH3HIm/ju85WPCeKyifdoROQSJHdm+oumix0sPjzzt6jA3WuFj0WLbBTb0rGP51YfKR8aspX8mB7BXUVFL7AXHokIB2bMs8M24RFoPfu8IWubfGdMrjs=
y9tjVC2leszeFvuJhAiXtc7RUkHLkaU+ij8oliEVVX1vSIfWqQD3Pkxrsz7BWfhFO4Qxo/v01xSuYw==
/grdyrh4+Eze1UhphSNEOI9d8kREad3BNHTEIZs7jcWVZVk5Qbw2mQXleJ6iQ5EjkMf9yRuubg==
ATViJr3J84dUXmAWJNr1ih+zeuFcYXO7qSFU1IL+N7/9P08j3jWEAqvpQz2fdbfcwBWDfe4yBPPX78YfmyVtrhg=
wQo5GLn9DhHeROsfo/eJWvctNglVOD0TPI8UR9ypi1QRI7M1QvbE406zandPkb9NUz1zmQFdTk3SCiDT8/faD5ctaa4c
Zzs3Rc5Q86actUdTvqmQJjthThp2YmkyY/iRwrvIKcQHoUkrZOOLXnVto9b7Aq5p
GdbEWD+Z8UsnfElP9+JARM7RUkHLkaU+ij8oliEVVX1vSIfWqQD3Pklusz/BWfhFO4Qxo/v01xSuYw==
h3LfbgJ7SWSWYD8NNLJ7RY9d8kREad3BNHTEIZs7jcWVZVk5QbkzmQTleJ6iQ5EjkMf9yRuubg==
pBTWFsfXcdpDrCIVjbiysJq4SQRuo2KqE4dfOa+hNsyomdZMJwQ87vO+ipIeRCnpyy1xpKqO52G5Gx9lQwDo1E201QNUR4eDlRVfhusk4SbjROnQ793Zb1zP66o9cZNyY06uPQ==
CutFU+WFWj4IEHk1PEcnpfrAoBn2jzM/4JazGXkAHcm/smU4IR0iiWTBSwTja+IzireCFVUsDx/t9RxKWpuQjzSHUa1hNY2B7XlfYVA1zDZ+I21LRHdJEXeuAg==
dtlPnWod+y7ehl25HRZI/uAhp0FhtEEthJFmFjWV/5iLRUkCE5S3hYRlwqHt6EUzNJ/8B3RZA/TJU6s1WgacQ8bDwrcngbdtq23LGXmNdi3aGggTm0dSb08dca4E
62JqFQ877DXAAqHZfcF27Sy9lQathGIWMZ3jiGd9LSL3zJt1uC0GYamguYNYR1hn0KGvZFXbL7XejgDTartmV4PZW93XpQ9ZPUVKXfbCbDN/fz5/UxV1rgA=
F7gKddA2g5xQxldnU/dzEpq4SQRuo2KqE4dfOa+hNsyzmdZMJwQ87vO+ipIeRCnpyy1xpKqO52G5Gx9lQwDo1E201QNUR4eDlRVfhusk4SbjROnQ793Zb1zP66o9cZNyY06uPQ==
I7AQvqDZa7gIA/4B0YBrZDHe5PvT8cM9bd3TNrhiRmGEUl4WDWXH+KO1gUJbRB/lHPVaIXV43ZNcTzRHPGnr1LFjUzUiNmRjrvMKd2/RX80z/VOZ4R3uzXJKwNPTN3qPd21Jrjw=
nksYfLtZoeCeoMTk8ADL3JyzTw1KpHa8NZdfPKyFLM6+mdZMJwQ87vO+ipIeRCnpyy1xpKqO52G5Gx9lQwDo1E201QNUR4eDlRVfhusk4SbjROnQ793Zb1zP66o9cZNyY06uPQ==
ZwEQpqydNqFS1tNsYD3hy5GTh++VDSi/sMAj8jWL5MeZTjpAn2hSFgF908jXnZ2iZyxLNejNFmG5gGnDCOfI56ABXyQl+9+1rq7wExobltcTeYsdh4UfWS0lmp2movyzzx+Ov2N1Ra4w
n4Go5Mt+49R4MBZfaNk/BAl+bz9ce25+TeGGoEQFOva3uedQLrXOPFEuKcXx5ApvievfN0sw48mJ2Sxxv2yiBHlox3Yp4LceSU5zX0H5OGU7ZHFDe1QXdK4D
JMFhlmXW21h9Wb/kJ2ys4O/pyWoa0vzjXkxH56uSZuM6FjHAFdfp4g51mZXzFSMGN4PJF3DDR8oG/sn2S/ShdgN06eAPjZm//L9rWp0hU6IDfq4N
