XLvnm8jZ8TqJZE/aob7imq6pjDEBnaX+WEYa8a+nJ+MOWDKUUPaPliAh2dCnQmUYKIOUEH2CWpUu8+v2S/ShdgN07OUPgZi//r9rVZ0hU6IDb6MO
LrgTP9ZqmJbivdIaWzf9+qb3BL3F5azmmDqVg7PJ4W0p/f2I5YpBBE7J+jhCH32LIctaJt2+8ws/eh4eK+mSntg9R9IpEAUpeRCXdAdMq61nhOogeSaZ6d/6yqI6OWhYE8WeO9Nc8hgIgv8KCAV5PF6W9aQgxxRcZTbqScYXC9pzYPEKS/Cs6dd1aKNWG0s55XVDnouro8I=
x9L3mEKcc9aF/SjR0JS8SANueDdcKzFgS/7Ou0YaI7X8sO9HIbT5clJ6bOSXkCQ7yaaLYA0u/MnU3iEwojOKCVtox3Yp4LceQ0tzU0D5OmU7a3FDe1QXZaMA
eDScakdwvS3ZvPpyHw0Omw6DvZQBY2eWjCoXscJHPgJsVW3J2sTxVRiz3o+JPxqd8gbTfL4Of1KjmBGie6gjocfNyEumg4sxtQ0jtjtzowo=
xAc94kr3znS+jM0BOTKTzBHwceNAc3KpuDEXxJ2rN7XGfkhz0iuOF6vpQz2fdbfSwBWOfO4wBPPY78YfmyV8oxs=
dZlzZMYlmvUVQoAPlekkoZGTh++VDSi/sMAj8jWL5MeZTjpAn2hSFgF908jXnZ2iZyxLNejNFmG5gGnDCOPK6aABXyQl+9+1rq7wExobltcTeYsdh4UfWi0llZymoPyzwB+Ov2N1VKMz
XXzsGFIJc7k7llPn5+PofJyzTw1KpHa8NZdfPKyFLM6+mdZMJwQ87vO+ipIeRCnpyy1xpKqO52G9GRFlQwDo1E201QNUR4eDlRVfhusk4SbjROrQ79LYb17P66U9cZNyY1+jPg==
rZZbDiC0CGq+1mEtzXMg2THe5PvT8cM9bd3TNrhiRmGEUl4WDWXH+KO1gUJbRB/lHPVaIXV43ZNcSzZJPGnr1LFjUzUiNmRjrvMKd2/RX80z/VOa4R3hzHJIwNPcN3qPd21Yoz8=
3S9FNj9nLHobIurPNI/TRZq4SQRuo2KqE4dfOa+hNsyzmdZMJwQ87vO+ipIeRCnpyy1xpKqO52G9GRFlQwDo1E201QNUR4eDlRVfhusk4SbjROrQ79LYb17P66U9cZNyY1+jPg==
Wys+mHngqtnN2egcnQk+BCy9lQathGIWMZ3jiGd9LSL3zJt1uC0GYamguYNYQ1pp0KGvZFXbL7XejgDTartmV4PZW93XpQ9aPUVFXPbAbDNwfz5/UxVkowM=
W1jfFkIacN783KCwl/jAxeAhp0FhtEEthJFmFjWV/5iLRUkCE5S3hYRlwqHt6EUzNJv+CXRZA/TJU6s1WgacQ8bDwrcngbdtq23LGnmNeSzaGAgTlEdSb08dYKMH
BaWMXPwydLzQsTWrybZy4vrAoBn2jzM/4JazGXkAHcm/smU4IR0iiWTBSwTja+I3iLmCFVUsDx/t9RxKWpuQjzSHUa1hNY2B7XpfYV80zDR+I2JLRHdJEWajAQ==
/P6qp8WjzIiQZ8jxNOSVHpq4SQRuo2KqE4dfOa+hNsyomdZMJwQ87vO+ipIeRCnpyy1xpKqO52G9GRFlQwDo1E201QNUR4eDlRVfhusk4SbjROrQ79LYb17P66U9cZNyY1+jPg==
Rq7Wjqq34k4OGDf5kqK3VhZw7a/PDsAv1g6ODbsytelaErqigLg+vqMqQYS9yP3H8znrnSfFP1tMZXcYBmPcs+Df7j+DNXSjEw==
+9qVsak+IISNCyiC/mnA9iYziATcsfy14eDQY1E31oqTlEAPOuvCCKCgv1OUcUmK3L7RR2B9Duk+jd5WYG5wvPYmjz6bnAGek/xraZ9oPNctdyudTUlzShNnowY=
REVA5DqNOvNyd5wy1p5YJdeZf31gS2c+jXImUyzFiBS9r2hTfUSwBlZekalfOHew/5fcXB1rejRXIQYKfuTlXu0sbP30OTvd3pSgoer1rqFupd5+MCbDO2KUzxaLlCHWw1Trwc8gHN89X2s13cHTAkNPoy4=
pEy3UAJr4yuxd/pimsjqWw6qxvlMWaK43EhsF2uNhOIh2i4uLY7nG1zYgoJoyCa+u9opt4qcL4c7ibN9T1WH27T137hek5RzKI8WX6sFbKML
HZUsxVSbEd55yA0lFjxDeRN2p6MObfsugp+cq9jK5ngPIAOXoLCsYSM+WEf3Gy8nL4q8sX5fP5Xi6ZFlpkxVvtzYCRcJi//iQ8hRUlu4KpCnHQw7BRMLgVVdY0YbY6M6
nVEF9D4r/4A9F0tHD5wx6B+zeuFcYXO7qSFU1IL+N7/9P08j3jWEAqvpQz2fdbfawRWOeO4zBPPY78YfmyV8oxs=
GnRqCv8Kv9aZOrXas2T8GM7RUkHLkaU+ij8oliEVVX1vSIfWqQD3PkpqszPEWflFO4sxo/v01wWjYA==
49nVnrrmY0JzN//gwyAr/49d8kREad3BNHTEIZs7jcWVZVk5Qbo3mQjgeJ+iQ54jkMf9yQqjbQ==
EErdo0Kh2hkSMz1/nQFQZ6ICD28adnpdb5oJScb6zlIUILI+L7LV9EmgYWdPkb9NUz1zkgFdQUjSCyDT/PfaD5cteKMf
J/tQNv9Fd8iPSWO2BbSrAXJIo5j2Walj3B7BQKFnm9gUCLqigLg+vqMqQZeyzOfH8znrnSfFP1JNZXUYBmPcs+Df7j+DNXSjEw==
fmXBQG4HTDG7K1qO7hdmbw39/HqfNrdngTiwMGHtpCs260JTHgyU6NhuugifNH+qWXwPQoIRS0w0JQE52/fJ3wuIL3mjHA==
B4nqO1spKpCeVd+KqsDTcaZzfyABImhdb5oJScb6zlIUILI+L7LV9EmgYWdPkb9NUz1zkgJdQUjSCyDT/PfaD5cteKMf
Y7MYqIVz4dFC6r1FIjvAcw5XOsWSm/eSMrUVbluZlE50Gs5kcH7t9g+8c5Qztx1lxaUJGVG+J3lbICh/MsPuw+AHjSl6ox0=
L6qWXmscW0vwoVvg6fvtpRc2uumGFucvl06cDbsytelaErqigLg+vqMqQYS9yP3H8znrnSfFP11JZXUYBmPcs+Df7j+DNXSjEw==
NA9yJFnDa6PrBmjLR5NcjBxgupgmE7PpEZ41KmZlYYYHOSjm4Go6/Pz+YW57TOc8jxfBDTH13aEdfWuBD/AcV+6jEqv0N7kxdqMR
FKov8SMpHKxgHdgPdIwOd1tzic82ckLEDhHl/tOGwL0XalGJ/qoWMvwwuj4nor0UEXBZJ5fhRy37jfscja0p6Gq7+JMEpwIvvz1woxc=
lB8EoCM2L4Gq+0kZj3YVAkKdzeQkRUL0p3ewe0decWKqFb0+o9lMflz6tnR4fuXm99xbpGt3ZbVtBZFp2T2rycLAQK+KgzazCCe1OXKjFQ==
aPmxm0S2U2eosdXHIUCsOGrQ3PlQR6CzzgciWyDH2b4v3nRtY4L9KRLCgoJoyCa+u9oppIWYNYc7ibN9T1WH3LX13Lhek5RzKI8WX6sFbKML
kqGvQULzQ62XKly7ycTccejJ9lRKcsXJ1DEziJzjiiO7Hs263sUJVk954JbISiIM5P55HmNsz8zH1wld2VVlMWX81xH2kLSHpmNamxxXoQFuowk=
1UPlN232zf0znaFGimagYPbX9khJbd/Pxn4o3JLjiiO7Hs263sUJVk954JbISiIM5P55HmNsz8zH1wld2VVlMWXy1xH2kLSHpmNamxxXoQFuowk=
NUHd64NI17WhxchnVN0SqPbX6FRKcsXJ1DEziJzjiiO7Hs263sUJVk954JbISiIM5P55HmNsz8zH1wld2VVlMWX81hH2kLSHpmNamxxXoQFuowk=
jTAZ69TWkr4ilFEyFH7L/ujJ9khJbd/Pxn4o3Iz9lCO7Hs263sUJVk954JbISiIM5P55HmNsz8zH1wld2VVlMWX91RH2kLSHpmNamxxXoQFuowk=
2EbcWn4xp+x8ANv6im5cbPfX6FRKcsXJ1DEziJz9lCO7Hs263sUJVk954JbISiIM5P55HmNsz8zH1wld2VVlMWX81RH2kLSHpmNamxxXoQFuowk=
/rccykUFicVWp+DrCeXCZ5fgbklwxM/1aUNQzr6wO2Xyjx1+axa4Hb86mcm2Wn4S5ECiPj9SpTT5AJHn3zHvjQMdQ5LzPZCIguuwU0yXKk+nDWijDw==
7VLDkiWBWmE3nybiwFqyWlzjc3vy1+5DKmf1pa1FGAuhjUjr/94J8gJ1ZY7rGQQupNqehGB+/Zbf/CN0ozetBTXlOfkhuhBZqmCY30JDfmMwR10JaqMN
gTDzZipGdk5LJKugVsRq2HTpzEXi+WJLY8C+2Wl2OGGnl881pndRPqeu7M0LUkVpyvLqYlDYLr6zyhHEbahtR4PZW93XpQ9aPkVEWPbDbDNwfz5/UxVkowM=
Amg4unPIi0LHG+qToA5t50MDtPAXeSCF7os3tB/hEO/h4AB4oaVUcxbTUlseBITQ+DZKQF98z3I5hJ/KCJ/bM9V9sfGbP7kHK7A/caMU
W5RobyGAhoEntNtxr2fzroVRwScVzz5K4O96SHjSpNvKVQhVQ8/jxZo/lf7j5hB9Z4rhCW4KRvLMUKo+N0KNVMHQyacngbdtq23LH3yNfinaGwgTlEdSb08dYKMH
XlYp3vdPphm93PY05KwlJ+yBbToO1sS3OBUfzOq5O2P2kAB+axKkD7RxwJr4QH4S5ECiPj9SpSf2BIvn3zHvjQMdQ5/0PZaJguuwU0yXKk+nDWijDw==
coFuT2LACyupEVuEVI3Ha3PP2v9QRqWv3kZkSiDd2a9unmZtY4L9KRLCgoJoyCa+u9oppIWYNYc7ibN9T1WH3LD12rlek5RzKI8WX6sFbKML
D80WZ/oL+t+nps/euUKPBQ7NHFg146YteNK0rJ+uX5PCy8j1XCMybL6l/bPdPaRDqx7dmi6FWfbf+VB2eAryLJT+iT4zrH+sd1eZ/QmVFRF1/MLxwNFkZzbjqjtsl3FhXqM5
/+VItpvoL4DiKkuqfe9rEdb4pcLHo4N/SS3A4f8iOEfblP+fJpPu1pgjizXvS2Jt0oG+faYBXtLo8vNHSlAvmvMg8crLMKwpV7Ft49VbS3llNUNeC2ujAg==
tDPW8rDb9sSvpQ5DcacVjmGzcsVUsphEq95ra/7L9A1oUwaEksXRWwlt8Jt3XoFC+tUNXjNZPN6MuoaUaH71hsccCwSb9/VV3UVBSak/m6kXATAPGgOGU1hnRRliowU=
b2Ggxq36r86d/tC4sjuVCIRU2DwVzj9K4vBmTWTG+Y+FEABVQ8/jxZo/lf7j5hB9Z4rhCW4KRvLMUKo+N0KNVMHQyacngbdtq23LHnmNfSnaGwgTlEdSb08dYKMH
pq5yIRBgffmMd1r/VQJ/nk8qOXAAJTk8F6Wa70gCc72t7KkCYfGFYE50eJnx5AhsgfGcN0Y3+s+ekCw0qHKCFH9ox3Yp4LceTE5zVEX5OWU7a3FDe1QXZaMA
7yo7+n6nAzgqm2IYBUec7HTpzEbi+WJLY8C+2Wl2OGGiidE1pndRPqeu7M0LUkVpyvLqYlDYLr6zyhHEbahtR4PZW93XpQ9cPUVBWfbDbDNwfz5/UxVkowM=
h7mD+RIoxSt4UeQyEAjQEX7h30zJpvVdOjkVINYZGw1KN5OjuPgsNW8nt5VO58m+Pz5ELbMijamCojJCOOjWvsv6+eQ1eKUHyynjvX81l9Ok1Sj5DnMk87gvZp97ZVyjOw==
aqSZrnvekY5pEQBi/8nmrk8qOXAAJTk8F6Wa70gCc72t7KkCYfGFYE50eJnx5AhsgfGcN0Y3+s+ekCw0qHKCFH9ox3Yp4LceS0xzVUX5OWU7a3FDe1QXZaMA
2k2mffGhbNiSJEmFYbK3PXTpzEfi+WJLY8C+2Wl2OGGiidE1pndRPqeu7M0LUkVpyvLqYlDYLr6zyhHEbahtR4PZW93XpQ9aP0VAWfbDbDNwfz5/UxVkowM=
0xjs1H1E6RhgCGCnWkgbJuZ9eH0/wgfGkoSXmOBrAhDJ4ZDqOddChFgHz9HDczRRGYmM8un8hpWtsAJ4Tt9bjs4dLV0ByC8YDkM+Cr/iOfab/erqTw89/bBAt07JOOd2zqOjDSXByU17A8G72wxHTaMo
Df6yebS2TjOcqd1a+HPoCuZ9eH0/wgTGkoSXmOBrAhDJ4ZDqOddChFgHz9HDczRRGYmM8un8hpWtsAJ4Tt9bjs4dLl0ByC8YDkM+Cr/iOfab/erqTw89/bBAt07JOOd2yqajCiXByU17A8G72wxHTaMo
jTFUTT+Y5sekkUWKSqhIVOZ9eH0/wgXGkoSXmOBrAhDJ4ZDqOddChFgHz9HDczRRGYmM8un8hpWtsAJ4Tt9bjs4dL10ByC8YDkM+Cr/iOfab/erqTw89/bBAt07JOOd2w6ajCiXByU17A8G72wxHTaMo
0b/G2pK3vFJfURwwJEz26nTpzEfi+WJIfNq4yyZtbHWnl801pndRPqeu7M0LUkVpyvLqYlDYLr6zyhHEbahtR4PZW93XpQ9ePEVGWfbDbDNwfz5/UxVkowM=
kK8aPFaPLlM9wDKWUw/b31n9bWbsyfJcMGHn6rYRDBW/kFb1494J8gJ1ZY7rGQQupNqehGB+/Zbf/CN0ozetBTXlOfkhvhJZqGGY30JDfmMwR10JaqMN
KlNQrf6u1krV1wVcY+HVJ1n9bWbsyfJGKmf1pa1FGBChjEvr/cEJ8gJ1ZY7rGQQupNqehGB+/Zbf/CN0ozetBTXlOfkhvBJZqGGY30JDfmMwR10JaqMN
2OU9QlQI1fqiCSjEKt6QZxN2p6MObfsugp+cq9jK5ngPIAOXoLCsYSM+WEf3Gy8nL4q8sX5fP5Xi6ZFlpkxVvtzYCRcJi//iQ8hRUlu4I5GnGQg7BRMLgVVdY0YbY6M6
6vVC1uMivzIVsBHZFCISic7RUkHLkaU+ij8oliEVVX1vSIfWqQD3PkNrszfAWflFO4sxo/v01wWjYA==
w31iQgbhGKG0fW2frmsW149d8kREad3BNHTEIZs7jcWVZVk5QbM2mQzkeJ+iQ54jkMf9yQqjbQ==
/NJFPU73w9/KnOX9Mhq/hx+zeuFcYXO7qSFU1IL+N7/9P08j3jWEAqvpQz2fdbfTwBWKfO4zBPPY78YfmyV8oxs=
n1ePYWCcQPWsVMtXdtaYNBN2p6MObfsugp+cq9jK5ngPIAOXoLCsYSM+WEf3Gy8nL4q8sX5fP5Xi6ZFlpkxVvtzYCRcJi//iQ8hRUlu4LJenEQg7BRMLgVVdY0YbY6M6
y1i7FnrS3VsqZu0EbZLjvM7RUkHLkaU+ij8oliEVVX1vSIfWqQD3Pkxtsz/AWflFO4sxo/v01wWjYA==
uc2hTVl6FK8lDTerB1W/KY9d8kREad3BNHTEIZs7jcWVZVk5QbwwmQTkeJ+iQ54jkMf9yQqjbQ==
4EUrmMkoL84yyBTI2fEUwx+zeuFcYXO7qSFU1IL+N7/9P08j3jWEAqvpQz2fdbfcxhWCfO4zBPPY78YfmyV8oxs=
xuGoKzYZ5hW2K+gAZI+0V/ctNglVOD0TPI8UR9ypi1QRI7M1QvbE406zandPkb9NUz1zmQVdTkzSCyDT/PfaD5cteKMf
28ZgucG3T5iqsz1OW8f1gjthThp2YmkyY/iRwrvIKcAHoUgrZeOLUXVto9b7E6Nq
Iy8/eG3rbqfXirApqjXxQc7RUkHLkaU+ij8oliEVVX1vSIfWqQD3Pklqsz/AWflFO4sxo/v01wWjYA==
QVnVARnWq13Q9Xpz3nEZB49d8kREad3BNHTEIZs7jcWVZVk5Qbk3mQTkeJ+iQ54jkMf9yQqjbQ==
6S5g4s54Mvf+ycTs8MnjVpq4SQRuo2KqE4dfOa+hNsyomdZMJwQ87vO+ipIeRCnpyy1xpKqO52G5Gx9lQwDo1E201QNUR4eDlRVfhusk4SbjROnU793Yb13P66U9cZNyY1+jPg==
nl/JN1qduosXuXtip53NZPrAoBn2jzM/4JazGXkAHcm/smU4IR0iiWTBSwTja+IzireCFVUsDx/t9RxKWpuQjzSHUa1hNY2B7XlbYVA0zDd+I2JLRHdJEWajAQ==
+y3/2YAuuodXGD2sq27LX+Ahp0FhtEEthJFmFjWV/5iLRUkCE5S3hYRlwqHt6EUzNJ/8B3RZA/TJU6s1WgacQ8bDwrcngbdtq23LGX2NdizaGwgTlEdSb08dYKMH
CSb/qMCWjSll2PVt4r0PKSy9lQathGIWMZ3jiGd9LSL3zJt1uC0GYamguYNYR1hn0KGvZFXbL7XejgDTartmV4PZW93XpQ9ZOUVKXPbDbDNwfz5/UxVkowM=
sSQAfQ3HQYejJSFHaEzeRpq4SQRuo2KqE4dfOa+hNsyzmdZMJwQ87vO+ipIeRCnpyy1xpKqO52G5Gx9lQwDo1E201QNUR4eDlRVfhusk4SbjROnU793Yb13P66U9cZNyY1+jPg==
iljrjKrmWyj74k+sUz06NTHe5PvT8cM9bd3TNrhiRmGEUl4WDWXH+KO1gUJbRB/lHPVaIXV43ZNcTzRHPGnr1LFjUzUiNmRjrvMKd2/RX80z/VOZ5R3uzHJLwNPcN3qPd21Yoz8=
nbXrUWEaNTt0JyniUAYS8JyzTw1KpHa8NZdfPKyFLM6+mdZMJwQ87vO+ipIeRCnpyy1xpKqO52G5Gx9lQwDo1E201QNUR4eDlRVfhusk4SbjROnU793Yb13P66U9cZNyY1+jPg==
M62N3FJ0fzY1B2/Qi/yWOpGTh++VDSi/sMAj8jWL5MeZTjpAn2hSFgF908jXnZ2iZyxLNejNFmG5gGnDCOfI56ABXyQl+9+1rq7wExobltcTeYsdh4UfWSklmpymo/yzwB+Ov2N1VKMz
t/urxzvd5y+A8fPnjUjeYQl+bz9ce25+TeGGoEQFOva3uedQLrXOPFEuKcXx5ApvievfN0sw48mJ2Sxxv2yiBHlox3Yp4LceSUpzX0D5OWU7a3FDe1QXZaMA
14CImfOjX/lHL8NrA5fADO/pyWoa0vzjXkxH56uSZuM6FjHAFdfp4g51mZXzFSMGN4PJF3DDR8oG/sn2S/ShdgN06eQPjZi//b9rVZ0hU6IDb6MO
